SF:lib\app\modules\home\pages\payslip\payslip_controller.dart
DA:14,2
DA:15,2
DA:29,0
DA:31,0
DA:34,0
DA:36,0
DA:39,0
DA:41,0
DA:45,2
DA:46,6
DA:47,4
DA:48,6
DA:52,0
DA:53,0
DA:54,0
DA:55,0
DA:59,0
DA:61,0
DA:62,0
DA:64,0
LF:20
LH:6
end_of_record
SF:lib\app\modules\home\pages\payslip\payslip_controller.g.dart
DA:14,0
DA:16,0
DA:17,0
DA:18,0
DA:21,2
DA:23,8
DA:24,2
DA:25,4
DA:26,8
DA:31,0
DA:33,0
DA:34,0
DA:35,0
DA:38,0
DA:40,0
DA:41,0
DA:42,0
DA:43,0
DA:48,2
DA:50,8
DA:51,4
DA:52,2
DA:55,2
DA:57,8
DA:58,2
DA:59,4
DA:60,8
DA:65,0
DA:67,0
DA:68,0
DA:69,0
DA:72,0
DA:74,0
DA:75,0
DA:76,0
DA:77,0
DA:82,0
DA:84,0
DA:85,0
DA:86,0
DA:89,0
DA:91,0
DA:92,0
DA:93,0
DA:94,0
DA:99,2
DA:101,8
DA:106,0
DA:108,0
DA:113,0
DA:115,0
DA:120,0
DA:122,0
DA:124,0
DA:126,0
DA:130,0
DA:132,0
DA:134,0
DA:136,0
DA:140,0
DA:142,0
DA:144,0
DA:146,0
LF:63
LH:16
end_of_record
SF:lib\app\shared\repositories\mocks\payslip_repository_mock.dart
DA:8,0
DA:13,1
DA:17,1
DA:18,1
DA:19,1
DA:25,0
DA:26,0
DA:27,0
DA:28,0
LF:9
LH:4
end_of_record
SF:lib\app\shared\services\payslip_service.dart
DA:11,2
DA:13,0
DA:17,2
DA:18,6
DA:22,0
DA:23,0
DA:27,0
DA:28,0
LF:8
LH:3
end_of_record
SF:lib\app\shared\model\month_model.dart
DA:11,2
DA:13,0
DA:14,0
DA:17,0
DA:18,0
DA:19,0
LF:6
LH:1
end_of_record
SF:lib\app\shared\model\month_model.g.dart
DA:9,0
DA:10,0
DA:11,0
DA:12,0
DA:13,0
DA:17,0
DA:18,0
DA:19,0
DA:20,0
DA:21,0
LF:10
LH:0
end_of_record
SF:lib\app\shared\model\payment_model.dart
DA:10,0
DA:12,0
DA:13,0
DA:14,0
LF:4
LH:0
end_of_record
SF:lib\app\shared\model\payment_model.g.dart
DA:9,0
DA:10,0
DA:11,0
DA:12,0
DA:16,0
DA:17,0
DA:18,0
DA:19,0
LF:8
LH:0
end_of_record
SF:lib\app\app_module.dart
DA:23,1
DA:24,1
DA:25,1
DA:26,3
DA:27,1
DA:28,3
DA:30,1
DA:34,1
DA:35,0
DA:36,1
DA:37,0
DA:38,0
DA:40,1
DA:42,0
DA:43,1
DA:44,3
DA:45,4
DA:48,0
DA:49,0
DA:50,0
DA:53,0
DA:54,0
DA:56,0
LF:23
LH:13
end_of_record
SF:lib\app\modules\home\home_module.dart
DA:14,1
DA:15,1
DA:16,2
DA:17,2
DA:18,1
DA:19,1
DA:20,1
DA:23,0
DA:24,0
DA:25,0
DA:26,0
DA:27,0
DA:30,2
LF:13
LH:8
end_of_record
SF:lib\app\app_controller.dart
DA:11,0
DA:13,0
LF:2
LH:0
end_of_record
SF:lib\app\app_controller.g.dart
DA:14,0
DA:16,0
DA:17,0
DA:18,0
DA:21,0
DA:23,0
DA:24,0
DA:25,0
DA:26,0
DA:31,0
DA:33,0
DA:35,0
DA:37,0
LF:13
LH:0
end_of_record
SF:lib\app\shared\repositories\payslip_repository.dart
DA:14,1
DA:15,0
DA:19,1
DA:20,1
DA:21,1
DA:22,1
DA:28,0
DA:29,0
DA:30,0
DA:31,0
DA:36,0
DA:37,0
DA:38,0
DA:39,0
DA:42,0
DA:49,0
DA:50,0
DA:51,0
LF:18
LH:5
end_of_record
SF:lib\app\shared\repositories\user_repository.dart
DA:11,0
DA:13,0
DA:17,0
DA:23,0
LF:4
LH:0
end_of_record
SF:lib\app\shared\services\user_service.dart
DA:15,0
DA:17,0
DA:18,0
DA:20,0
DA:21,0
DA:22,0
DA:27,0
DA:28,0
DA:29,0
DA:30,0
DA:31,0
DA:37,0
DA:38,0
DA:41,0
LF:14
LH:0
end_of_record
SF:lib\app\app_widget.dart
DA:5,0
DA:7,0
DA:10,0
DA:15,0
LF:4
LH:0
end_of_record
SF:lib\app\shared\custom_dio\custom_dio.dart
DA:9,1
DA:10,3
DA:11,4
DA:13,4
DA:15,3
LF:5
LH:5
end_of_record
SF:lib\app\shared\repositories\local_storage\user_local_storage_repository.dart
DA:16,0
DA:17,0
DA:18,0
DA:21,0
DA:22,0
DA:25,0
DA:26,0
DA:27,0
DA:29,0
DA:30,0
DA:33,0
DA:34,0
DA:36,0
DA:37,0
DA:38,0
DA:41,0
DA:42,0
DA:43,0
DA:46,0
DA:47,0
DA:48,0
DA:51,0
DA:52,0
DA:53,0
DA:58,0
DA:59,0
DA:60,0
DA:63,0
DA:64,0
DA:65,0
DA:68,0
DA:69,0
DA:70,0
LF:33
LH:0
end_of_record
SF:lib\app\shared\services\user_storage_service.dart
DA:12,0
DA:14,0
DA:15,0
DA:18,0
DA:19,0
DA:22,0
DA:23,0
DA:26,0
DA:27,0
DA:30,0
DA:31,0
DA:34,0
DA:35,0
DA:38,0
DA:39,0
DA:42,0
LF:16
LH:0
end_of_record
SF:lib\app\modules\home\pages\login\components\password_field\password_field_controller.g.dart
DA:15,0
DA:17,0
DA:18,0
DA:19,0
DA:22,0
DA:24,0
DA:25,0
DA:26,0
DA:27,0
DA:33,0
DA:36,0
DA:38,0
DA:40,0
LF:13
LH:0
end_of_record
SF:lib\app\modules\home\pages\login\components\password_field\password_field_controller.dart
DA:10,0
DA:12,0
LF:2
LH:0
end_of_record
SF:lib\app\modules\home\home_page.dart
DA:10,0
DA:12,0
DA:13,0
DA:18,0
DA:20,0
DA:21,0
DA:23,0
DA:26,0
DA:27,0
DA:28,0
DA:31,0
DA:33,0
DA:34,0
DA:35,0
DA:40,0
DA:41,0
DA:44,0
DA:45,0
DA:46,0
DA:47,0
DA:49,0
DA:53,0
DA:54,0
DA:57,0
DA:58,0
DA:59,0
DA:61,0
DA:62,0
DA:64,0
DA:69,0
LF:30
LH:0
end_of_record
SF:lib\app\modules\home\pages\login\login_page.dart
DA:14,0
DA:16,0
DA:17,0
DA:24,0
DA:26,0
DA:28,0
DA:31,0
DA:32,0
DA:34,0
DA:37,0
DA:39,0
DA:40,0
DA:43,0
DA:44,0
DA:45,0
DA:47,0
DA:48,0
DA:49,0
DA:55,0
DA:56,0
DA:57,0
DA:63,0
DA:65,0
DA:69,0
DA:70,0
DA:77,0
DA:78,0
DA:79,0
DA:80,0
DA:81,0
DA:84,0
LF:31
LH:0
end_of_record
SF:lib\app\modules\home\pages\payslip\payslip_page.dart
DA:13,0
DA:15,0
DA:16,0
DA:24,0
DA:26,0
DA:28,0
DA:29,0
DA:32,0
DA:34,0
DA:35,0
DA:37,0
DA:38,0
DA:39,0
DA:43,0
DA:44,0
DA:45,0
DA:46,0
DA:47,0
DA:48,0
DA:49,0
DA:50,0
DA:51,0
DA:52,0
DA:54,0
DA:55,0
DA:56,0
DA:59,0
DA:60,0
DA:62,0
DA:63,0
DA:65,0
DA:69,0
DA:70,0
DA:71,0
DA:72,0
DA:73,0
DA:74,0
DA:75,0
DA:76,0
DA:78,0
DA:79,0
DA:80,0
DA:83,0
DA:84,0
DA:86,0
DA:87,0
DA:89,0
DA:93,0
DA:94,0
DA:95,0
DA:96,0
DA:97,0
DA:98,0
DA:99,0
DA:100,0
DA:101,0
DA:103,0
DA:107,0
DA:109,0
DA:110,0
DA:112,0
DA:114,0
DA:126,0
DA:127,0
DA:129,0
DA:130,0
DA:133,0
LF:67
LH:0
end_of_record
SF:lib\app\modules\home\pages\login\login_controller.dart
DA:13,0
DA:14,0
DA:15,0
DA:24,0
DA:25,0
DA:27,0
DA:28,0
DA:31,0
DA:33,0
DA:35,0
DA:40,0
DA:41,0
DA:42,0
DA:46,0
DA:48,0
DA:50,0
DA:57,0
DA:58,0
DA:60,0
DA:61,0
DA:62,0
DA:63,0
LF:22
LH:0
end_of_record
SF:lib\app\modules\home\pages\login\login_controller.g.dart
DA:14,0
DA:16,0
DA:20,0
DA:22,0
DA:23,0
DA:24,0
DA:27,0
DA:29,0
DA:30,0
DA:31,0
DA:32,0
DA:37,0
DA:39,0
DA:40,0
DA:41,0
DA:44,0
DA:46,0
DA:47,0
DA:48,0
DA:49,0
DA:54,0
DA:56,0
DA:57,0
DA:58,0
DA:61,0
DA:63,0
DA:64,0
DA:65,0
DA:66,0
DA:71,0
DA:73,0
DA:74,0
DA:75,0
DA:78,0
DA:80,0
DA:81,0
DA:82,0
DA:83,0
DA:88,0
DA:90,0
DA:91,0
DA:96,0
DA:98,0
DA:103,0
DA:105,0
DA:110,0
DA:112,0
DA:114,0
DA:116,0
DA:120,0
DA:122,0
DA:124,0
DA:126,0
DA:130,0
DA:132,0
DA:134,0
DA:136,0
LF:57
LH:0
end_of_record
SF:lib\app\modules\home\shared\components\header\header_widget.dart
DA:9,0
DA:11,0
DA:13,0
DA:15,0
DA:16,0
DA:18,0
DA:21,0
DA:22,0
DA:23,0
DA:24,0
DA:25,0
DA:27,0
DA:30,0
DA:31,0
DA:32,0
DA:33,0
DA:34,0
DA:35,0
LF:18
LH:0
end_of_record
SF:lib\app\modules\home\shared\components\master\master_widget.dart
DA:12,0
DA:19,0
DA:21,0
DA:23,0
DA:24,0
DA:25,0
DA:26,0
DA:31,0
DA:32,0
DA:34,0
DA:35,0
DA:36,0
DA:39,0
DA:40,0
DA:41,0
DA:42,0
DA:44,0
DA:47,0
LF:18
LH:0
end_of_record
SF:lib\app\modules\home\pages\login\components\circular_button\circular_button_widget.dart
DA:13,0
DA:23,0
DA:25,0
DA:27,0
DA:28,0
DA:29,0
DA:30,0
DA:31,0
DA:32,0
DA:33,0
DA:34,0
DA:35,0
DA:36,0
DA:37,0
DA:38,0
DA:39,0
DA:41,0
DA:43,0
DA:45,0
DA:46,0
DA:47,0
DA:48,0
DA:50,0
DA:61,0
DA:62,0
DA:63,0
DA:64,0
DA:65,0
LF:28
LH:0
end_of_record
SF:lib\app\modules\home\pages\login\components\login_button\login_button_widget.dart
DA:13,0
DA:15,0
DA:17,0
DA:18,0
DA:19,0
DA:20,0
DA:21,0
DA:22,0
DA:23,0
DA:25,0
DA:29,0
DA:31,0
DA:32,0
DA:33,0
DA:35,0
DA:36,0
DA:38,0
DA:40,0
DA:42,0
LF:19
LH:0
end_of_record
SF:lib\app\modules\home\shared\components\loading\loading_widget.dart
DA:4,0
DA:6,0
DA:7,0
DA:8,0
DA:10,0
LF:5
LH:0
end_of_record
SF:lib\app\modules\home\pages\login\components\password_field\password_field_widget.dart
DA:19,0
DA:27,0
DA:29,0
DA:30,0
DA:31,0
DA:32,0
DA:33,0
DA:34,0
DA:35,0
DA:36,0
DA:37,0
DA:38,0
DA:39,0
DA:40,0
DA:41,0
DA:42,0
DA:43,0
DA:45,0
DA:46,0
DA:49,0
LF:20
LH:0
end_of_record
SF:lib\app\modules\home\pages\login\components\rounded_text_field\rounded_text_field_widget.dart
DA:20,0
DA:38,0
DA:40,0
DA:41,0
DA:42,0
DA:43,0
DA:44,0
DA:45,0
DA:46,0
DA:47,0
DA:49,0
DA:50,0
DA:51,0
DA:53,0
DA:54,0
DA:56,0
DA:57,0
DA:58,0
DA:59,0
DA:60,0
DA:65,0
DA:66,0
DA:67,0
DA:68,0
LF:24
LH:0
end_of_record
SF:lib\app\shared\model\authentication_model.dart
DA:9,0
DA:11,0
DA:12,0
DA:13,0
LF:4
LH:0
end_of_record
SF:lib\app\shared\model\authentication_model.g.dart
DA:9,0
DA:10,0
DA:11,0
DA:12,0
DA:16,0
DA:18,0
DA:19,0
DA:20,0
LF:8
LH:0
end_of_record
SF:lib\app\shared\model\user_model.dart
DA:14,0
DA:22,0
DA:23,0
DA:24,0
LF:4
LH:0
end_of_record
SF:lib\app\shared\model\user_model.g.dart
DA:9,0
DA:10,0
DA:11,0
DA:12,0
DA:13,0
DA:14,0
DA:15,0
DA:16,0
DA:20,0
DA:21,0
DA:22,0
DA:23,0
DA:24,0
DA:25,0
DA:26,0
LF:15
LH:0
end_of_record
SF:lib\app\shared\custom_dio\interceptor.dart
DA:10,0
DA:11,0
DA:12,0
DA:13,0
DA:15,0
DA:16,0
DA:18,0
DA:20,0
DA:23,0
DA:24,0
DA:25,0
DA:26,0
DA:29,0
DA:32,0
DA:34,0
DA:37,0
DA:41,0
DA:43,0
DA:44,0
DA:46,0
DA:47,0
DA:49,0
DA:51,0
DA:52,0
DA:53,0
DA:55,0
DA:56,0
DA:57,0
DA:60,0
DA:61,0
DA:62,0
DA:63,0
DA:64,0
DA:65,0
DA:66,0
DA:67,0
DA:68,0
DA:69,0
DA:71,0
LF:39
LH:0
end_of_record
